<?xml version="1.0" encoding="UTF-8"?>
<!-- Generated by org.testng.reporters.JUnitXMLReporter -->
<testsuite hostname="Mahesh" name="sreedhar-test" tests="4" failures="0" timestamp="4 Jan 2021 07:09:47 GMT" time="45.209" errors="0">
  <testcase name="addEmp" time="32.473" classname="myPack.Sreedhar"/>
  <testcase name="deleteEmp" time="0.001" classname="myPack.Sreedhar"/>
  <testcase name="editEmp" time="0.0" classname="myPack.Sreedhar"/>
  <testcase name="verifyLogin" time="12.721" classname="myPack.Sreedhar"/>
</testsuite> <!-- sreedhar-test -->
